#
# There is insufficient memory for the Java Runtime Environment to continue.
# Native memory allocation (mmap) failed to map 67108864 bytes for G1 virtual space
# Possible reasons:
#   The system is out of physical RAM or swap space
#   The process is running with CompressedOops enabled, and the Java Heap may be blocking the growth of the native heap
# Possible solutions:
#   Reduce memory load on the system
#   Increase physical memory or swap space
#   Check if swap backing store is full
#   Decrease Java heap size (-Xmx/-Xms)
#   Decrease number of Java threads
#   Decrease Java thread stack sizes (-Xss)
#   Set larger code cache with -XX:ReservedCodeCacheSize=
#   JVM is running with Unscaled Compressed Oops mode in which the Java heap is
#     placed in the first 4GB address space. The Java Heap base address is the
#     maximum limit for the native heap growth. Please use -XX:HeapBaseMinAddress
#     to set the Java Heap base and to place the Java Heap above 4GB virtual address.
# This output file may be truncated or incomplete.
#
#  Out of Memory Error (os_windows.cpp:3532), pid=18172, tid=9540
#
# JRE version:  (17.0.2+8) (build )
# Java VM: Java HotSpot(TM) 64-Bit Server VM (17.0.2+8-LTS-86, mixed mode, sharing, tiered, compressed oops, compressed class ptrs, g1 gc, windows-amd64)
# No core dump will be written. Minidumps are not enabled by default on client versions of Windows
#

---------------  S U M M A R Y ------------

Command Line: -Dfile.encoding=UTF-8 --module-path=D:\My_project\bankManagemntSystem\build\classes bank.SignUp

Host: Intel(R) Core(TM) i3-4005U CPU @ 1.70GHz, 4 cores, 3G,  Windows 10 , 64 bit Build 19041 (10.0.19041.3031)
Time: Thu Jun 22 15:58:34 2023 India Standard Time elapsed time: 0.022968 seconds (0d 0h 0m 0s)

---------------  T H R E A D  ---------------

Current thread (0x0000016b50eedc40):  JavaThread "Unknown thread" [_thread_in_vm, id=9540, stack(0x0000001800200000,0x0000001800300000)]

Stack: [0x0000001800200000,0x0000001800300000]
Native frames: (J=compiled Java code, j=interpreted, Vv=VM code, C=native code)
V  [jvm.dll+0x670baa]
V  [jvm.dll+0x7cfcb4]
V  [jvm.dll+0x7d145e]
V  [jvm.dll+0x7d1ac3]
V  [jvm.dll+0x242bc5]
V  [jvm.dll+0x66dac9]
V  [jvm.dll+0x662412]
V  [jvm.dll+0x300c0b]
V  [jvm.dll+0x3081a6]
V  [jvm.dll+0x357d0e]
V  [jvm.dll+0x357f3f]
V  [jvm.dll+0x2d7ec8]
V  [jvm.dll+0x2d8e34]
V  [jvm.dll+0x7a18c1]
V  [jvm.dll+0x365a91]
V  [jvm.dll+0x780d2c]
V  [jvm.dll+0x3e845f]
V  [jvm.dll+0x3e9f01]
C  [jli.dll+0x527b]
C  [ucrtbase.dll+0x21bb2]
C  [KERNEL32.DLL+0x17614]
C  [ntdll.dll+0x526f1]


---------------  P R O C E S S  ---------------

Threads class SMR info:
_java_thread_list=0x00007ffbf46c9858, length=0, elements={
}

Java Threads: ( => current thread )

Other Threads:
  0x0000016b50f1b240 GCTaskThread "GC Thread#0" [stack: 0x0000001800300000,0x0000001800400000] [id=20296]
  0x0000016b50f24ea0 ConcurrentGCThread "G1 Main Marker" [stack: 0x0000001800400000,0x0000001800500000] [id=16056]
  0x0000016b50f26f70 ConcurrentGCThread "G1 Conc#0" [stack: 0x0000001800500000,0x0000001800600000] [id=19300]

[error occurred during error reporting (printing all threads), id 0xc0000005, EXCEPTION_ACCESS_VIOLATION (0xc0000005) at pc=0x00007ffbf3f188a7]

VM state: not at safepoint (not fully initialized)

VM Mutex/Monitor currently owned by a thread:  ([mutex/lock_event])
[0x0000016b50ee73b0] Heap_lock - owner thread: 0x0000016b50eedc40

Heap address: 0x00000000c1000000, size: 1008 MB, Compressed Oops mode: 32-bit

CDS archive(s) mapped at: [0x0000000000000000-0x0000000000000000-0x0000000000000000), size 0, SharedBaseAddress: 0x0000000800000000, ArchiveRelocationMode: 0.
Narrow klass base: 0x0000000000000000, Narrow klass shift: 0, Narrow klass range: 0x0

GC Precious Log:
<Empty>

Heap:
 garbage-first heap   total 0K, used 0K [0x00000000c1000000, 0x0000000100000000)
  region size 1024K, 0 young (0K), 0 survivors (0K)

[error occurred during error reporting (printing heap information), id 0xc0000005, EXCEPTION_ACCESS_VIOLATION (0xc0000005) at pc=0x00007ffbf42f9f19]

GC Heap History (0 events):
No events

Deoptimization events (0 events):
No events

Classes unloaded (0 events):
No events

Classes redefined (0 events):
No events

Internal exceptions (0 events):
No events

VM Operations (0 events):
No events

Events (1 events):
Event: 0.011 Loaded shared library C:\Program Files\Java\jdk-17.0.2\bin\java.dll


Dynamic libraries:
0x00007ff75a6e0000 - 0x00007ff75a6f0000 	C:\Program Files\Java\jdk-17.0.2\bin\java.exe
0x00007ffc2dc70000 - 0x00007ffc2de68000 	C:\WINDOWS\SYSTEM32\ntdll.dll
0x00007ffc2bcd0000 - 0x00007ffc2bd8f000 	C:\WINDOWS\System32\KERNEL32.DLL
0x00007ffc2b690000 - 0x00007ffc2b986000 	C:\WINDOWS\System32\KERNELBASE.dll
0x00007ffc2b400000 - 0x00007ffc2b500000 	C:\WINDOWS\System32\ucrtbase.dll
0x00007ffc1f5d0000 - 0x00007ffc1f5ea000 	C:\Program Files\Java\jdk-17.0.2\bin\VCRUNTIME140.dll
0x00007ffc25b70000 - 0x00007ffc25b88000 	C:\Program Files\Java\jdk-17.0.2\bin\jli.dll
0x00007ffc2d400000 - 0x00007ffc2d4af000 	C:\WINDOWS\System32\ADVAPI32.dll
0x00007ffc2c980000 - 0x00007ffc2ca1e000 	C:\WINDOWS\System32\msvcrt.dll
0x00007ffc2d300000 - 0x00007ffc2d39c000 	C:\WINDOWS\System32\sechost.dll
0x00007ffc2c460000 - 0x00007ffc2c586000 	C:\WINDOWS\System32\RPCRT4.dll
0x00007ffc2da30000 - 0x00007ffc2dbcd000 	C:\WINDOWS\System32\USER32.dll
0x00007ffc16880000 - 0x00007ffc16b1a000 	C:\WINDOWS\WinSxS\amd64_microsoft.windows.common-controls_6595b64144ccf1df_6.0.19041.1110_none_60b5254171f9507e\COMCTL32.dll
0x00007ffc2bab0000 - 0x00007ffc2bad2000 	C:\WINDOWS\System32\win32u.dll
0x00007ffc2c840000 - 0x00007ffc2c86c000 	C:\WINDOWS\System32\GDI32.dll
0x00007ffc2b990000 - 0x00007ffc2baa5000 	C:\WINDOWS\System32\gdi32full.dll
0x00007ffc2bc30000 - 0x00007ffc2bccd000 	C:\WINDOWS\System32\msvcp_win.dll
0x00007ffc1c2a0000 - 0x00007ffc1c2aa000 	C:\WINDOWS\SYSTEM32\VERSION.dll
0x00007ffc2ca20000 - 0x00007ffc2ca50000 	C:\WINDOWS\System32\IMM32.DLL
0x00007ffc1f5c0000 - 0x00007ffc1f5cc000 	C:\Program Files\Java\jdk-17.0.2\bin\vcruntime140_1.dll
0x00007ffbe08b0000 - 0x00007ffbe093d000 	C:\Program Files\Java\jdk-17.0.2\bin\msvcp140.dll
0x00007ffbf3c30000 - 0x00007ffbf47f1000 	C:\Program Files\Java\jdk-17.0.2\bin\server\jvm.dll
0x00007ffc2bd90000 - 0x00007ffc2bd98000 	C:\WINDOWS\System32\PSAPI.DLL
0x00007ffc140f0000 - 0x00007ffc14117000 	C:\WINDOWS\SYSTEM32\WINMM.dll
0x00007ffc1f5f0000 - 0x00007ffc1f5f9000 	C:\WINDOWS\SYSTEM32\WSOCK32.dll
0x00007ffc2d9c0000 - 0x00007ffc2da2b000 	C:\WINDOWS\System32\ws2_32.DLL
0x00007ffc29be0000 - 0x00007ffc29bf2000 	C:\WINDOWS\SYSTEM32\kernel.appcore.dll
0x00007ffc173c0000 - 0x00007ffc173ca000 	C:\Program Files\Java\jdk-17.0.2\bin\jimage.dll
0x00007ffc18e80000 - 0x00007ffc19064000 	C:\WINDOWS\SYSTEM32\DBGHELP.DLL
0x00007ffc18be0000 - 0x00007ffc18c14000 	C:\WINDOWS\SYSTEM32\dbgcore.DLL
0x00007ffc2bae0000 - 0x00007ffc2bb62000 	C:\WINDOWS\System32\bcryptPrimitives.dll
0x00007ffc1f590000 - 0x00007ffc1f5b5000 	C:\Program Files\Java\jdk-17.0.2\bin\java.dll

dbghelp: loaded successfully - version: 4.0.5 - missing functions: none
symbol engine: initialized successfully - sym options: 0x614 - pdb path: .;C:\Program Files\Java\jdk-17.0.2\bin;C:\WINDOWS\SYSTEM32;C:\WINDOWS\WinSxS\amd64_microsoft.windows.common-controls_6595b64144ccf1df_6.0.19041.1110_none_60b5254171f9507e;C:\Program Files\Java\jdk-17.0.2\bin\server

VM Arguments:
jvm_args: -Dfile.encoding=UTF-8 --module-path=D:\My_project\bankManagemntSystem\build\classes 
java_command: bank.SignUp
java_class_path (initial): D:\My_project\jcalendar-1.4\lib\jcalendar-1.4.jar;D:\My_project\mysql-connector-j-8.0.33\mysql-connector-j-8.0.33\mysql-connector-j-8.0.33.jar;D:\My_project\bankManagemntSystem\build\classes
Launcher Type: SUN_STANDARD

[Global flags]
     intx CICompilerCount                          = 3                                         {product} {ergonomic}
     uint ConcGCThreads                            = 1                                         {product} {ergonomic}
     uint G1ConcRefinementThreads                  = 4                                         {product} {ergonomic}
   size_t G1HeapRegionSize                         = 1048576                                   {product} {ergonomic}
    uintx GCDrainStackTargetSize                   = 64                                        {product} {ergonomic}
   size_t InitialHeapSize                          = 67108864                                  {product} {ergonomic}
   size_t MarkStackSize                            = 4194304                                   {product} {ergonomic}
   size_t MaxHeapSize                              = 1056964608                                {product} {ergonomic}
   size_t MinHeapDeltaBytes                        = 1048576                                   {product} {ergonomic}
   size_t MinHeapSize                              = 8388608                                   {product} {ergonomic}
    uintx NonNMethodCodeHeapSize                   = 5832780                                {pd product} {ergonomic}
    uintx NonProfiledCodeHeapSize                  = 122912730                              {pd product} {ergonomic}
    uintx ProfiledCodeHeapSize                     = 122912730                              {pd product} {ergonomic}
    uintx ReservedCodeCacheSize                    = 251658240                              {pd product} {ergonomic}
     bool SegmentedCodeCache                       = true                                      {product} {ergonomic}
   size_t SoftMaxHeapSize                          = 1056964608                             {manageable} {ergonomic}
     bool UseCompressedClassPointers               = true                           {product lp64_product} {ergonomic}
     bool UseCompressedOops                        = true                           {product lp64_product} {ergonomic}
     bool UseG1GC                                  = true                                      {product} {ergonomic}
     bool UseLargePagesIndividualAllocation        = false                                  {pd product} {ergonomic}

Logging:
Log output configuration:
 #0: stdout all=warning uptime,level,tags
 #1: stderr all=off uptime,level,tags

Environment Variables:
PATH=C:\Program Files\Common Files\Oracle\Java\javapath;C:\WINDOWS\system32;C:\WINDOWS;C:\WINDOWS\System32\Wbem;C:\WINDOWS\System32\WindowsPowerShell\v1.0\;C:\WINDOWS\System32\OpenSSH\;C:\Program Files\Git\cmd;C:\Program Files\MySQL\MySQL Server 8.0\bin;C:\Program Files\Java\jdk-17.0.2\bin;C:\Program Files\MySQL\MySQL Shell 8.0\bin\;C:\Program Files\Java\jdk1.8.0_181\bin;;C:\Users\MY PC\AppData\Local\Microsoft\WindowsApps
USERNAME=MY PC
OS=Windows_NT
PROCESSOR_IDENTIFIER=Intel64 Family 6 Model 69 Stepping 1, GenuineIntel



---------------  S Y S T E M  ---------------

OS:
 Windows 10 , 64 bit Build 19041 (10.0.19041.3031)
OS uptime: 1 days 7:20 hours

CPU: total 4 (initial active 4) (2 cores per cpu, 2 threads per core) family 6 model 69 stepping 1 microcode 0x25, cx8, cmov, fxsr, ht, mmx, sse, sse2, sse3, ssse3, sse4.1, sse4.2, popcnt, lzcnt, tsc, tscinvbit, avx, avx2, aes, erms, clmul, bmi1, bmi2, fma, vzeroupper, clflush

Memory: 4k page, system-wide physical 4024M (432M free)
TotalPageFile size 16312M (AvailPageFile size 33M)
current process WorkingSet (physical memory assigned to process): 10M, peak: 10M
current process commit charge ("private bytes"): 51M, peak: 115M

vm_info: Java HotSpot(TM) 64-Bit Server VM (17.0.2+8-LTS-86) for windows-amd64 JRE (17.0.2+8-LTS-86), built on Dec  7 2021 21:51:03 by "mach5one" with MS VC++ 16.8 / 16.9 (VS2019)

END.
